<?xml version="1.0" encoding="UTF-8"?>
<!DOCTYPE coverage SYSTEM "http://cobertura.sourceforge.net/xml/coverage-04.dtd">
<coverage line-rate="0.5542742" branch-rate="0" lines-covered="3028" lines-valid="5463" branches-covered="0" branches-valid="0" complexity="0" version="" timestamp="1657840789635">
	<packages>
		<package name="thy" line-rate="0.5" branch-rate="0" complexity="0" line-count="34" line-hits="17">
			<classes>
				<class name="-" filename="main.go" line-rate="0.5" branch-rate="0" complexity="0" line-count="34" line-hits="17">
					<methods>
						<method name="main" signature="" line-rate="0" branch-rate="0" complexity="0" line-count="0" line-hits="0">
							<lines>
								<line number="24" hits="0"></line>
								<line number="39" hits="0"></line>
								<line number="40" hits="0"></line>
								<line number="41" hits="0"></line>
								<line number="42" hits="0"></line>
								<line number="44" hits="0"></line>
							</lines>
						</method>
						<method name="@24:8" signature="" line-rate="0" branch-rate="0" complexity="0" line-count="0" line-hits="0">
							<lines>
								<line number="25" hits="0"></line>
								<line number="26" hits="0"></line>
								<line number="27" hits="0"></line>
								<line number="28" hits="0"></line>
								<line number="30" hits="0"></line>
								<line number="31" hits="0"></line>
								<line number="32" hits="0"></line>
								<line number="34" hits="0"></line>
							</lines>
						</method>
						<method name="runCLI" signature="" line-rate="0.85" branch-rate="0" complexity="0" line-count="0" line-hits="0">
							<lines>
								<line number="48" hits="162"></line>
								<line number="49" hits="162"></line>
								<line number="50" hits="162"></line>
								<line number="51" hits="162"></line>
								<line number="193" hits="162"></line>
								<line number="194" hits="162"></line>
								<line number="195" hits="162"></line>
								<line number="196" hits="162"></line>
								<line number="198" hits="162"></line>
								<line number="201" hits="149"></line>
								<line number="202" hits="149"></line>
								<line number="203" hits="149"></line>
								<line number="205" hits="149"></line>
								<line number="206" hits="149"></line>
								<line number="207" hits="101"></line>
								<line number="209" hits="0"></line>
								<line number="210" hits="0"></line>
								<line number="211" hits="101"></line>
								<line number="212" hits="0"></line>
								<line number="217" hits="162"></line>
							</lines>
						</method>
					</methods>
					<lines>
						<line number="24" hits="0"></line>
						<line number="39" hits="0"></line>
						<line number="40" hits="0"></line>
						<line number="41" hits="0"></line>
						<line number="42" hits="0"></line>
						<line number="44" hits="0"></line>
						<line number="25" hits="0"></line>
						<line number="26" hits="0"></line>
						<line number="27" hits="0"></line>
						<line number="28" hits="0"></line>
						<line number="30" hits="0"></line>
						<line number="31" hits="0"></line>
						<line number="32" hits="0"></line>
						<line number="34" hits="0"></line>
						<line number="48" hits="162"></line>
						<line number="49" hits="162"></line>
						<line number="50" hits="162"></line>
						<line number="51" hits="162"></line>
						<line number="193" hits="162"></line>
						<line number="194" hits="162"></line>
						<line number="195" hits="162"></line>
						<line number="196" hits="162"></line>
						<line number="198" hits="162"></line>
						<line number="201" hits="149"></line>
						<line number="202" hits="149"></line>
						<line number="203" hits="149"></line>
						<line number="205" hits="149"></line>
						<line number="206" hits="149"></line>
						<line number="207" hits="101"></line>
						<line number="209" hits="0"></line>
						<line number="210" hits="0"></line>
						<line number="211" hits="101"></line>
						<line number="212" hits="0"></line>
						<line number="217" hits="162"></line>
					</lines>
				</class>
			</classes>
		</package>
		<package name="thy/auth" line-rate="0.55690074" branch-rate="0" complexity="0" line-count="413" line-hits="230">
			<classes>
				<class name="AuthType" filename="auth/auth.go" line-rate="0.90909094" branch-rate="0" complexity="0" line-count="11" line-hits="10">
					<methods>
						<method name="GetTokenKey" signature="" line-rate="0.90909094" branch-rate="0" complexity="0" line-count="0" line-hits="0">
							<lines>
								<line number="69" hits="172"></line>
								<line number="70" hits="0"></line>
								<line number="73" hits="172"></line>
								<line number="74" hits="172"></line>
								<line number="76" hits="5"></line>
								<line number="78" hits="167"></line>
								<line number="81" hits="172"></line>
								<line number="83" hits="172"></line>
								<line number="84" hits="166"></line>
								<line number="85" hits="166"></line>
								<line number="87" hits="172"></line>
							</lines>
						</method>
					</methods>
					<lines>
						<line number="69" hits="172"></line>
						<line number="70" hits="0"></line>
						<line number="73" hits="172"></line>
						<line number="74" hits="172"></line>
						<line number="76" hits="5"></line>
						<line number="78" hits="167"></line>
						<line number="81" hits="172"></line>
						<line number="83" hits="172"></line>
						<line number="84" hits="166"></line>
						<line number="85" hits="166"></line>
						<line number="87" hits="172"></line>
					</lines>
				</class>
				<class name="-" filename="auth/auth.go" line-rate="0.5483871" branch-rate="0" complexity="0" line-count="62" line-hits="34">
					<methods>
						<method name="NewAuthenticatorDefault" signature="" line-rate="0.75" branch-rate="0" complexity="0" line-count="0" line-hits="0">
							<lines>
								<line number="103" hits="156"></line>
								<line number="104" hits="156"></line>
								<line number="105" hits="0"></line>
								<line number="107" hits="156"></line>
							</lines>
						</method>
						<method name="NewAuthenticator" signature="" line-rate="1" branch-rate="0" complexity="0" line-count="0" line-hits="0">
							<lines>
								<line number="113" hits="14"></line>
							</lines>
						</method>
						<method name="@374:6" signature="" line-rate="0" branch-rate="0" complexity="0" line-count="0" line-hits="0">
							<lines>
								<line number="375" hits="0"></line>
								<line number="376" hits="0"></line>
								<line number="377" hits="0"></line>
							</lines>
						</method>
						<method name="@414:9" signature="" line-rate="0" branch-rate="0" complexity="0" line-count="0" line-hits="0">
							<lines>
								<line number="415" hits="0"></line>
								<line number="416" hits="0"></line>
								<line number="417" hits="0"></line>
								<line number="418" hits="0"></line>
								<line number="424" hits="0"></line>
								<line number="425" hits="0"></line>
								<line number="427" hits="0"></line>
								<line number="428" hits="0"></line>
								<line number="431" hits="0"></line>
								<line number="432" hits="0"></line>
								<line number="435" hits="0"></line>
								<line number="436" hits="0"></line>
								<line number="437" hits="0"></line>
								<line number="438" hits="0"></line>
								<line number="444" hits="0"></line>
								<line number="448" hits="0"></line>
								<line number="449" hits="0"></line>
								<line number="450" hits="0"></line>
								<line number="451" hits="0"></line>
								<line number="457" hits="0"></line>
							</lines>
						</method>
						<method name="setupDataForPasswordAuth" signature="" line-rate="0.85" branch-rate="0" complexity="0" line-count="0" line-hits="0">
							<lines>
								<line number="514" hits="151"></line>
								<line number="515" hits="151"></line>
								<line number="516" hits="151"></line>
								<line number="521" hits="151"></line>
								<line number="522" hits="3"></line>
								<line number="523" hits="3"></line>
								<line number="524" hits="3"></line>
								<line number="525" hits="0"></line>
								<line number="527" hits="3"></line>
								<line number="528" hits="2"></line>
								<line number="529" hits="2"></line>
								<line number="530" hits="2"></line>
								<line number="531" hits="2"></line>
								<line number="532" hits="1"></line>
								<line number="534" hits="1"></line>
								<line number="535" hits="1"></line>
								<line number="536" hits="0"></line>
								<line number="538" hits="1"></line>
								<line number="541" hits="0"></line>
								<line number="545" hits="150"></line>
							</lines>
						</method>
						<method name="buildAwsParams" signature="" line-rate="0.9285714" branch-rate="0" complexity="0" line-count="0" line-hits="0">
							<lines>
								<line number="549" hits="2"></line>
								<line number="553" hits="2"></line>
								<line number="554" hits="2"></line>
								<line number="555" hits="1"></line>
								<line number="557" hits="2"></line>
								<line number="558" hits="0"></line>
								<line number="560" hits="2"></line>
								<line number="561" hits="2"></line>
								<line number="562" hits="2"></line>
								<line number="563" hits="2"></line>
								<line number="564" hits="2"></line>
								<line number="565" hits="2"></line>
								<line number="566" hits="2"></line>
								<line number="567" hits="2"></line>
							</lines>
						</method>
					</methods>
					<lines>
						<line number="103" hits="156"></line>
						<line number="104" hits="156"></line>
						<line number="105" hits="0"></line>
						<line number="107" hits="156"></line>
						<line number="113" hits="14"></line>
						<line number="375" hits="0"></line>
						<line number="376" hits="0"></line>
						<line number="377" hits="0"></line>
						<line number="415" hits="0"></line>
						<line number="416" hits="0"></line>
						<line number="417" hits="0"></line>
						<line number="418" hits="0"></line>
						<line number="424" hits="0"></line>
						<line number="425" hits="0"></line>
						<line number="427" hits="0"></line>
						<line number="428" hits="0"></line>
						<line number="431" hits="0"></line>
						<line number="432" hits="0"></line>
						<line number="435" hits="0"></line>
						<line number="436" hits="0"></line>
						<line number="437" hits="0"></line>
						<line number="438" hits="0"></line>
						<line number="444" hits="0"></line>
						<line number="448" hits="0"></line>
						<line number="449" hits="0"></line>
						<line number="450" hits="0"></line>
						<line number="451" hits="0"></line>
						<line number="457" hits="0"></line>
						<line number="514" hits="151"></line>
						<line number="515" hits="151"></line>
						<line number="516" hits="151"></line>
						<line number="521" hits="151"></line>
						<line number="522" hits="3"></line>
						<line number="523" hits="3"></line>
						<line number="524" hits="3"></line>
						<line number="525" hits="0"></line>
						<line number="527" hits="3"></line>
						<line number="528" hits="2"></line>
						<line number="529" hits="2"></line>
						<line number="530" hits="2"></line>
						<line number="531" hits="2"></line>
						<line number="532" hits="1"></line>
						<line number="534" hits="1"></line>
						<line number="535" hits="1"></line>
						<line number="536" hits="0"></line>
						<line number="538" hits="1"></line>
						<line number="541" hits="0"></line>
						<line number="545" hits="150"></line>
						<line number="549" hits="2"></line>
						<line number="553" hits="2"></line>
						<line number="554" hits="2"></line>
						<line number="555" hits="1"></line>
						<line number="557" hits="2"></line>
						<line number="558" hits="0"></line>
						<line number="560" hits="2"></line>
						<line number="561" hits="2"></line>
						<line number="562" hits="2"></line>
						<line number="563" hits="2"></line>
						<line number="564" hits="2"></line>
						<line number="565" hits="2"></line>
						<line number="566" hits="2"></line>
						<line number="567" hits="2"></line>
					</lines>
				</class>
				<class name="authenticator" filename="auth/auth.go" line-rate="0.6455026" branch-rate="0" complexity="0" line-count="189" line-hits="122">
					<methods>
						<method name="GetToken" signature="" line-rate="1" branch-rate="0" complexity="0" line-count="0" line-hits="0">
							<lines>
								<line number="117" hits="159"></line>
								<line number="119" hits="159"></line>
								<line number="120" hits="1"></line>
								<line number="122" hits="158"></line>
								<line number="123" hits="145"></line>
								<line number="125" hits="13"></line>
							</lines>
						</method>
						<method name="GetTokenCacheOverride" signature="" line-rate="1" branch-rate="0" complexity="0" line-count="0" line-hits="0">
							<lines>
								<line number="129" hits="170"></line>
								<line number="130" hits="1"></line>
								<line number="132" hits="169"></line>
							</lines>
						</method>
						<method name="getTokenForAuthType" signature="" line-rate="0.6885246" branch-rate="0" complexity="0" line-count="0" line-hits="0">
							<lines>
								<line number="136" hits="170"></line>
								<line number="137" hits="170"></line>
								<line number="139" hits="170"></line>
								<line number="140" hits="170"></line>
								<line number="141" hits="170"></line>
								<line number="142" hits="328"></line>
								<line number="143" hits="169"></line>
								<line number="144" hits="169"></line>
								<line number="147" hits="170"></line>
								<line number="148" hits="1"></line>
								<line number="152" hits="169"></line>
								<line number="153" hits="169"></line>
								<line number="154" hits="1"></line>
								<line number="155" hits="168"></line>
								<line number="156" hits="2"></line>
								<line number="157" hits="2"></line>
								<line number="158" hits="2"></line>
								<line number="160" hits="166"></line>
								<line number="161" hits="0"></line>
								<line number="162" hits="0"></line>
								<line number="163" hits="0"></line>
								<line number="164" hits="0"></line>
								<line number="166" hits="166"></line>
								<line number="167" hits="2"></line>
								<line number="169" hits="164"></line>
								<line number="172" hits="169"></line>
								<line number="173" hits="169"></line>
								<line number="175" hits="169"></line>
								<line number="176" hits="13"></line>
								<line number="177" hits="0"></line>
								<line number="178" hits="13"></line>
								<line number="180" hits="5"></line>
								<line number="181" hits="0"></line>
								<line number="182" hits="0"></line>
								<line number="183" hits="0"></line>
								<line number="186" hits="5"></line>
								<line number="187" hits="4"></line>
								<line number="188" hits="1"></line>
								<line number="189" hits="1"></line>
								<line number="190" hits="1"></line>
								<line number="191" hits="1"></line>
								<line number="197" hits="0"></line>
								<line number="202" hits="165"></line>
								<line number="203" hits="2"></line>
								<line number="204" hits="0"></line>
								<line number="206" hits="2"></line>
								<line number="213" hits="165"></line>
								<line number="216" hits="1"></line>
								<line number="217" hits="1"></line>
								<line number="218" hits="1"></line>
								<line number="219" hits="1"></line>
								<line number="221" hits="0"></line>
								<line number="222" hits="0"></line>
								<line number="223" hits="0"></line>
								<line number="224" hits="0"></line>
								<line number="226" hits="0"></line>
								<line number="227" hits="0"></line>
								<line number="228" hits="0"></line>
								<line number="229" hits="0"></line>
								<line number="231" hits="0"></line>
								<line number="232" hits="0"></line>
								<line number="239" hits="164"></line>
								<line number="240" hits="2"></line>
								<line number="241" hits="2"></line>
								<line number="242" hits="2"></line>
								<line number="243" hits="2"></line>
								<line number="244" hits="0"></line>
								<line number="245" hits="0"></line>
								<line number="246" hits="0"></line>
								<line number="247" hits="0"></line>
								<line number="248" hits="0"></line>
								<line number="250" hits="0"></line>
								<line number="252" hits="2"></line>
								<line number="258" hits="164"></line>
								<line number="259" hits="159"></line>
								<line number="262" hits="159"></line>
								<line number="263" hits="151"></line>
								<line number="264" hits="151"></line>
								<line number="265" hits="1"></line>
								<line number="267" hits="8"></line>
								<line number="268" hits="2"></line>
								<line number="269" hits="2"></line>
								<line number="270" hits="1"></line>
								<line number="271" hits="1"></line>
								<line number="273" hits="1"></line>
								<line number="275" hits="1"></line>
								<line number="277" hits="6"></line>
								<line number="278" hits="4"></line>
								<line number="279" hits="4"></line>
								<line number="280" hits="4"></line>
								<line number="281" hits="2"></line>
								<line number="283" hits="2"></line>
								<line number="285" hits="2"></line>
								<line number="286" hits="0"></line>
								<line number="288" hits="0"></line>
								<line number="289" hits="0"></line>
								<line number="290" hits="0"></line>
								<line number="293" hits="0"></line>
								<line number="294" hits="0"></line>
								<line number="295" hits="2"></line>
								<line number="296" hits="2"></line>
								<line number="300" hits="2"></line>
								<line number="301" hits="0"></line>
								<line number="303" hits="2"></line>
								<line number="304" hits="2"></line>
								<line number="308" hits="160"></line>
								<line number="309" hits="10"></line>
								<line number="310" hits="1"></line>
								<line number="311" hits="1"></line>
								<line number="312" hits="0"></line>
								<line number="313" hits="0"></line>
								<line number="315" hits="1"></line>
								<line number="316" hits="1"></line>
								<line number="317" hits="1"></line>
								<line number="318" hits="0"></line>
								<line number="319" hits="0"></line>
								<line number="322" hits="1"></line>
								<line number="325" hits="9"></line>
								<line number="327" hits="150"></line>
								<line number="328" hits="150"></line>
								<line number="329" hits="0"></line>
								<line number="331" hits="150"></line>
							</lines>
						</method>
						<method name="fetchTokenVault" signature="" line-rate="0.3030303" branch-rate="0" complexity="0" line-count="0" line-hits="0">
							<lines>
								<line number="348" hits="160"></line>
								<line number="349" hits="160"></line>
								<line number="350" hits="1"></line>
								<line number="352" hits="159"></line>
								<line number="353" hits="0"></line>
								<line number="359" hits="0"></line>
								<line number="360" hits="0"></line>
								<line number="362" hits="0"></line>
								<line number="363" hits="0"></line>
								<line number="365" hits="0"></line>
								<line number="366" hits="0"></line>
								<line number="367" hits="0"></line>
								<line number="369" hits="0"></line>
								<line number="371" hits="0"></line>
								<line number="372" hits="0"></line>
								<line number="374" hits="0"></line>
								<line number="384" hits="0"></line>
								<line number="385" hits="0"></line>
								<line number="388" hits="0"></line>
								<line number="390" hits="0"></line>
								<line number="391" hits="0"></line>
								<line number="393" hits="0"></line>
								<line number="394" hits="0"></line>
								<line number="395" hits="0"></line>
								<line number="397" hits="0"></line>
								<line number="398" hits="0"></line>
								<line number="402" hits="159"></line>
								<line number="403" hits="159"></line>
								<line number="404" hits="9"></line>
								<line number="405" hits="150"></line>
								<line number="406" hits="0"></line>
								<line number="408" hits="150"></line>
								<line number="409" hits="150"></line>
							</lines>
						</method>
						<method name="handleOidcAuth" signature="" line-rate="0" branch-rate="0" complexity="0" line-count="0" line-hits="0">
							<lines>
								<line number="414" hits="0"></line>
							</lines>
						</method>
						<method name="initiateCertAuth" signature="" line-rate="0.7916667" branch-rate="0" complexity="0" line-count="0" line-hits="0">
							<lines>
								<line number="469" hits="2"></line>
								<line number="470" hits="2"></line>
								<line number="471" hits="2"></line>
								<line number="472" hits="0"></line>
								<line number="474" hits="2"></line>
								<line number="475" hits="2"></line>
								<line number="476" hits="2"></line>
								<line number="477" hits="0"></line>
								<line number="480" hits="2"></line>
								<line number="485" hits="2"></line>
								<line number="490" hits="2"></line>
								<line number="491" hits="2"></line>
								<line number="492" hits="2"></line>
								<line number="493" hits="2"></line>
								<line number="494" hits="0"></line>
								<line number="496" hits="2"></line>
								<line number="497" hits="2"></line>
								<line number="498" hits="0"></line>
								<line number="501" hits="2"></line>
								<line number="502" hits="2"></line>
								<line number="503" hits="2"></line>
								<line number="504" hits="0"></line>
								<line number="507" hits="2"></line>
								<line number="508" hits="2"></line>
							</lines>
						</method>
					</methods>
					<lines>
						<line number="117" hits="159"></line>
						<line number="119" hits="159"></line>
						<line number="120" hits="1"></line>
						<line number="122" hits="158"></line>
						<line number="123" hits="145"></line>
						<line number="125" hits="13"></line>
						<line number="129" hits="170"></line>
						<line number="130" hits="1"></line>
						<line number="132" hits="169"></line>
						<line number="136" hits="170"></line>
						<line number="137" hits="170"></line>
						<line number="139" hits="170"></line>
						<line number="140" hits="170"></line>
						<line number="141" hits="170"></line>
						<line number="142" hits="328"></line>
						<line number="143" hits="169"></line>
						<line number="144" hits="169"></line>
						<line number="147" hits="170"></line>
						<line number="148" hits="1"></line>
						<line number="152" hits="169"></line>
						<line number="153" hits="169"></line>
						<line number="154" hits="1"></line>
						<line number="155" hits="168"></line>
						<line number="156" hits="2"></line>
						<line number="157" hits="2"></line>
						<line number="158" hits="2"></line>
						<line number="160" hits="166"></line>
						<line number="161" hits="0"></line>
						<line number="162" hits="0"></line>
						<line number="163" hits="0"></line>
						<line number="164" hits="0"></line>
						<line number="166" hits="166"></line>
						<line number="167" hits="2"></line>
						<line number="169" hits="164"></line>
						<line number="172" hits="169"></line>
						<line number="173" hits="169"></line>
						<line number="175" hits="169"></line>
						<line number="176" hits="13"></line>
						<line number="177" hits="0"></line>
						<line number="178" hits="13"></line>
						<line number="180" hits="5"></line>
						<line number="181" hits="0"></line>
						<line number="182" hits="0"></line>
						<line number="183" hits="0"></line>
						<line number="186" hits="5"></line>
						<line number="187" hits="4"></line>
						<line number="188" hits="1"></line>
						<line number="189" hits="1"></line>
						<line number="190" hits="1"></line>
						<line number="191" hits="1"></line>
						<line number="197" hits="0"></line>
						<line number="202" hits="165"></line>
						<line number="203" hits="2"></line>
						<line number="204" hits="0"></line>
						<line number="206" hits="2"></line>
						<line number="213" hits="165"></line>
						<line number="216" hits="1"></line>
						<line number="217" hits="1"></line>
						<line number="218" hits="1"></line>
						<line number="219" hits="1"></line>
						<line number="221" hits="0"></line>
						<line number="222" hits="0"></line>
						<line number="223" hits="0"></line>
						<line number="224" hits="0"></line>
						<line number="226" hits="0"></line>
						<line number="227" hits="0"></line>
						<line number="228" hits="0"></line>
						<line number="229" hits="0"></line>
						<line number="231" hits="0"></line>
						<line number="232" hits="0"></line>
						<line number="239" hits="164"></line>
						<line number="240" hits="2"></line>
						<line number="241" hits="2"></line>
						<line number="242" hits="2"></line>
						<line number="243" hits="2"></line>
						<line number="244" hits="0"></line>
						<line number="245" hits="0"></line>
						<line number="246" hits="0"></line>
						<line number="247" hits="0"></line>
						<line number="248" hits="0"></line>
						<line number="250" hits="0"></line>
						<line number="252" hits="2"></line>
						<line number="258" hits="164"></line>
						<line number="259" hits="159"></line>
						<line number="262" hits="159"></line>
						<line number="263" hits="151"></line>
						<line number="264" hits="151"></line>
						<line number="265" hits="1"></line>
						<line number="267" hits="8"></line>
						<line number="268" hits="2"></line>
						<line number="269" hits="2"></line>
						<line number="270" hits="1"></line>
						<line number="271" hits="1"></line>
						<line number="273" hits="1"></line>
						<line number="275" hits="1"></line>
						<line number="277" hits="6"></line>
						<line number="278" hits="4"></line>
						<line number="279" hits="4"></line>
						<line number="280" hits="4"></line>
						<line number="281" hits="2"></line>
						<line number="283" hits="2"></line>
						<line number="285" hits="2"></line>
						<line number="286" hits="0"></line>
						<line number="288" hits="0"></line>
						<line number="289" hits="0"></line>
						<line number="290" hits="0"></line>
						<line number="293" hits="0"></line>
						<line number="294" hits="0"></line>
						<line number="295" hits="2"></line>
						<line number="296" hits="2"></line>
						<line number="300" hits="2"></line>
						<line number="301" hits="0"></line>
						<line number="303" hits="2"></line>
						<line number="304" hits="2"></line>
						<line number="308" hits="160"></line>
						<line number="309" hits="10"></line>
						<line number="310" hits="1"></line>
						<line number="311" hits="1"></line>
						<line number="312" hits="0"></line>
						<line number="313" hits="0"></line>
						<line number="315" hits="1"></line>
						<line number="316" hits="1"></line>
						<line number="317" hits="1"></line>
						<line number="318" hits="0"></line>
						<line number="319" hits="0"></line>
						<line number="322" hits="1"></line>
						<line number="325" hits="9"></line>
						<line number="327" hits="150"></line>
						<line number="328" hits="150"></line>
						<line number="329" hits="0"></line>
						<line number="331" hits="150"></line>
						<line number="348" hits="160"></line>
						<line number="349" hits="160"></line>
						<line number="350" hits="1"></line>
						<line number="352" hits="159"></line>
						<line number="353" hits="0"></line>
						<line number="359" hits="0"></line>
						<line number="360" hits="0"></line>
						<line number="362" hits="0"></line>
						<line number="363" hits="0"></line>
						<line number="365" hits="0"></line>
						<line number="366" hits="0"></line>
						<line number="367" hits="0"></line>
						<line number="369" hits="0"></line>
						<line number="371" hits="0"></line>
						<line number="372" hits="0"></line>
						<line number="374" hits="0"></line>
						<line number="384" hits="0"></line>
						<line number="385" hits="0"></line>
						<line number="388" hits="0"></line>
						<line number="390" hits="0"></line>
						<line number="391" hits="0"></line>
						<line number="393" hits="0"></line>
						<line number="394" hits="0"></line>
						<line number="395" hits="0"></line>
						<line number="397" hits="0"></line>
						<line number="398" hits="0"></line>
						<line number="402" hits="159"></line>
						<line number="403" hits="159"></line>
						<line number="404" hits="9"></line>
						<line number="405" hits="150"></line>
						<line number="406" hits="0"></line>
						<line number="408" hits="150"></line>
						<line number="409" hits="150"></line>
						<line number="414" hits="0"></line>
						<line number="469" hits="2"></line>
						<line number="470" hits="2"></line>
						<line number="471" hits="2"></line>
						<line number="472" hits="0"></line>
						<line number="474" hits="2"></line>
						<line number="475" hits="2"></line>
						<line number="476" hits="2"></line>
						<line number="477" hits="0"></line>
						<line number="480" hits="2"></line>
						<line number="485" hits="2"></line>
						<line number="490" hits="2"></line>
						<line number="491" hits="2"></line>
						<line number="492" hits="2"></line>
						<line number="493" hits="2"></line>
						<line number="494" hits="0"></line>
						<line number="496" hits="2"></line>
						<line number="497" hits="2"></line>
						<line number="498" hits="0"></line>
						<line number="501" hits="2"></line>
						<line number="502" hits="2"></line>
						<line number="503" hits="2"></line>
						<line number="504" hits="0"></line>
						<line number="507" hits="2"></line>
						<line number="508" hits="2"></line>
					</lines>
				</class>
				<class name="TokenResponse" filename="auth/auth.go" line-rate="0.85714287" branch-rate="0" complexity="0" line-count="7" line-hits="6">
					<methods>
						<method name="SecondsRemainingToken" signature="" line-rate="1" branch-rate="0" complexity="0" line-count="0" line-hits="0">
							<lines>
								<line number="600" hits="5"></line>
								<line number="601" hits="5"></line>
							</lines>
						</method>
						<method name="SecondsRemainingRefreshToken" signature="" line-rate="0.75" branch-rate="0" complexity="0" line-count="0" line-hits="0">
							<lines>
								<line number="605" hits="1"></line>
								<line number="606" hits="1"></line>
								<line number="607" hits="1"></line>
								<line number="609" hits="0"></line>
							</lines>
						</method>
						<method name="IsNil" signature="" line-rate="1" branch-rate="0" complexity="0" line-count="0" line-hits="0">
							<lines>
								<line number="613" hits="155"></line>
							</lines>
						</method>
					</methods>
					<lines>
						<line number="600" hits="5"></line>
						<line number="601" hits="5"></line>
						<line number="605" hits="1"></line>
						<line number="606" hits="1"></line>
						<line number="607" hits="1"></line>
						<line number="609" hits="0"></line>
						<line number="613" hits="155"></line>
					</lines>
				</class>
				<class name="requestBody" filename="auth/auth.go" line-rate="1" branch-rate="0" complexity="0" line-count="8" line-hits="8">
					<methods>
						<method name="ValidateForAuthType" signature="" line-rate="1" branch-rate="0" complexity="0" line-count="0" line-hits="0">
							<lines>
								<line number="617" hits="160"></line>
								<line number="618" hits="160"></line>
								<line number="619" hits="465"></line>
								<line number="620" hits="155"></line>
								<line number="622" hits="310"></line>
								<line number="623" hits="310"></line>
								<line number="624" hits="1"></line>
								<line number="627" hits="159"></line>
							</lines>
						</method>
					</methods>
					<lines>
						<line number="617" hits="160"></line>
						<line number="618" hits="160"></line>
						<line number="619" hits="465"></line>
						<line number="620" hits="155"></line>
						<line number="622" hits="310"></line>
						<line number="623" hits="310"></line>
						<line number="624" hits="1"></line>
						<line number="627" hits="159"></line>
					</lines>
				</class>
				<class name="-" filename="auth/encryption.go" line-rate="0.8125" branch-rate="0" complexity="0" line-count="48" line-hits="39">
					<methods>
						<method name="StorePassword" signature="" line-rate="0.8" branch-rate="0" complexity="0" line-count="0" line-hits="0">
							<lines>
								<line number="21" hits="8"></line>
								<line number="22" hits="8"></line>
								<line number="23" hits="0"></line>
								<line number="25" hits="8"></line>
								<line number="26" hits="8"></line>
							</lines>
						</method>
						<method name="Encrypt" signature="" line-rate="0.7777778" branch-rate="0" complexity="0" line-count="0" line-hits="0">
							<lines>
								<line number="31" hits="14"></line>
								<line number="32" hits="14"></line>
								<line number="33" hits="14"></line>
								<line number="34" hits="0"></line>
								<line number="36" hits="14"></line>
								<line number="37" hits="14"></line>
								<line number="38" hits="0"></line>
								<line number="41" hits="14"></line>
								<line number="42" hits="14"></line>
							</lines>
						</method>
						<method name="GetEncryptionKey" signature="" line-rate="1" branch-rate="0" complexity="0" line-count="0" line-hits="0">
							<lines>
								<line number="48" hits="9"></line>
								<line number="49" hits="7"></line>
								<line number="51" hits="2"></line>
							</lines>
						</method>
						<method name="Decrypt" signature="" line-rate="0.75" branch-rate="0" complexity="0" line-count="0" line-hits="0">
							<lines>
								<line number="56" hits="2"></line>
								<line number="57" hits="2"></line>
								<line number="58" hits="0"></line>
								<line number="60" hits="2"></line>
								<line number="61" hits="2"></line>
								<line number="62" hits="0"></line>
								<line number="64" hits="2"></line>
								<line number="65" hits="2"></line>
								<line number="66" hits="2"></line>
								<line number="67" hits="0"></line>
								<line number="69" hits="2"></line>
								<line number="70" hits="2"></line>
								<line number="71" hits="2"></line>
								<line number="72" hits="2"></line>
								<line number="73" hits="0"></line>
								<line number="75" hits="2"></line>
							</lines>
						</method>
						<method name="generateRandomBytes" signature="" line-rate="0.8" branch-rate="0" complexity="0" line-count="0" line-hits="0">
							<lines>
								<line number="79" hits="2"></line>
								<line number="80" hits="2"></line>
								<line number="81" hits="2"></line>
								<line number="82" hits="0"></line>
								<line number="84" hits="2"></line>
							</lines>
						</method>
						<method name="EncipherPassword" signature="" line-rate="0.8888889" branch-rate="0" complexity="0" line-count="0" line-hits="0">
							<lines>
								<line number="91" hits="6"></line>
								<line number="92" hits="6"></line>
								<line number="93" hits="6"></line>
								<line number="94" hits="6"></line>
								<line number="95" hits="1"></line>
								<line number="97" hits="5"></line>
								<line number="98" hits="5"></line>
								<line number="99" hits="0"></line>
								<line number="101" hits="5"></line>
							</lines>
						</method>
						<method name="GetEncryptionKeyFilename" signature="" line-rate="1" branch-rate="0" complexity="0" line-count="0" line-hits="0">
							<lines>
								<line number="106" hits="16"></line>
							</lines>
						</method>
					</methods>
					<lines>
						<line number="21" hits="8"></line>
						<line number="22" hits="8"></line>
						<line number="23" hits="0"></line>
						<line number="25" hits="8"></line>
						<line number="26" hits="8"></line>
						<line number="31" hits="14"></line>
						<line number="32" hits="14"></line>
						<line number="33" hits="14"></line>
						<line number="34" hits="0"></line>
						<line number="36" hits="14"></line>
						<line number="37" hits="14"></line>
						<line number="38" hits="0"></line>
						<line number="41" hits="14"></line>
						<line number="42" hits="14"></line>
						<line number="48" hits="9"></line>
						<line number="49" hits="7"></line>
						<line number="51" hits="2"></line>
						<line number="56" hits="2"></line>
						<line number="57" hits="2"></line>
						<line number="58" hits="0"></line>
						<line number="60" hits="2"></line>
						<line number="61" hits="2"></line>
						<line number="62" hits="0"></line>
						<line number="64" hits="2"></line>
						<line number="65" hits="2"></line>
						<line number="66" hits="2"></line>
						<line number="67" hits="0"></line>
						<line number="69" hits="2"></line>
						<line number="70" hits="2"></line>
						<line number="71" hits="2"></line>
						<line number="72" hits="2"></line>
						<line number="73" hits="0"></line>
						<line number="75" hits="2"></line>
						<line number="79" hits="2"></line>
						<line number="80" hits="2"></line>
						<line number="81" hits="2"></line>
						<line number="82" hits="0"></line>
						<line number="84" hits="2"></line>
						<line number="91" hits="6"></line>
						<line number="92" hits="6"></line>
						<line number="93" hits="6"></line>
						<line number="94" hits="6"></line>
						<line number="95" hits="1"></line>
						<line number="97" hits="5"></line>
						<line number="98" hits="5"></line>
						<line number="99" hits="0"></line>
						<line number="101" hits="5"></line>
						<line number="106" hits="16"></line>
					</lines>
				</class>
				<class name="GcpClient" filename="auth/gcp.go" line-rate="0" branch-rate="0" complexity="0" line-count="63" line-hits="0">
					<methods>
						<method name="GetJwtToken" signature="" line-rate="0" branch-rate="0" complexity="0" line-count="0" line-hits="0">
							<lines>
								<line number="31" hits="0"></line>
								<line number="32" hits="0"></line>
								<line number="34" hits="0"></line>
								<line number="35" hits="0"></line>
								<line number="38" hits="0"></line>
								<line number="39" hits="0"></line>
								<line number="42" hits="0"></line>
								<line number="43" hits="0"></line>
								<line number="44" hits="0"></line>
								<line number="46" hits="0"></line>
								<line number="47" hits="0"></line>
								<line number="48" hits="0"></line>
								<line number="49" hits="0"></line>
								<line number="50" hits="0"></line>
								<line number="51" hits="0"></line>
								<line number="53" hits="0"></line>
								<line number="54" hits="0"></line>
								<line number="55" hits="0"></line>
								<line number="56" hits="0"></line>
								<line number="58" hits="0"></line>
								<line number="59" hits="0"></line>
								<line number="61" hits="0"></line>
								<line number="62" hits="0"></line>
								<line number="64" hits="0"></line>
								<line number="68" hits="0"></line>
								<line number="70" hits="0"></line>
								<line number="71" hits="0"></line>
								<line number="72" hits="0"></line>
								<line number="74" hits="0"></line>
								<line number="75" hits="0"></line>
								<line number="76" hits="0"></line>
								<line number="77" hits="0"></line>
								<line number="78" hits="0"></line>
								<line number="80" hits="0"></line>
								<line number="81" hits="0"></line>
								<line number="83" hits="0"></line>
								<line number="84" hits="0"></line>
								<line number="85" hits="0"></line>
								<line number="86" hits="0"></line>
								<line number="87" hits="0"></line>
								<line number="88" hits="0"></line>
								<line number="89" hits="0"></line>
								<line number="90" hits="0"></line>
								<line number="93" hits="0"></line>
								<line number="94" hits="0"></line>
								<line number="95" hits="0"></line>
								<line number="97" hits="0"></line>
								<line number="101" hits="0"></line>
								<line number="102" hits="0"></line>
								<line number="104" hits="0"></line>
								<line number="112" hits="0"></line>
								<line number="113" hits="0"></line>
								<line number="117" hits="0"></line>
								<line number="118" hits="0"></line>
								<line number="119" hits="0"></line>
								<line number="120" hits="0"></line>
								<line number="121" hits="0"></line>
								<line number="122" hits="0"></line>
								<line number="124" hits="0"></line>
								<line number="127" hits="0"></line>
								<line number="129" hits="0"></line>
								<line number="130" hits="0"></line>
								<line number="132" hits="0"></line>
							</lines>
						</method>
					</methods>
					<lines>
						<line number="31" hits="0"></line>
						<line number="32" hits="0"></line>
						<line number="34" hits="0"></line>
						<line number="35" hits="0"></line>
						<line number="38" hits="0"></line>
						<line number="39" hits="0"></line>
						<line number="42" hits="0"></line>
						<line number="43" hits="0"></line>
						<line number="44" hits="0"></line>
						<line number="46" hits="0"></line>
						<line number="47" hits="0"></line>
						<line number="48" hits="0"></line>
						<line number="49" hits="0"></line>
						<line number="50" hits="0"></line>
						<line number="51" hits="0"></line>
						<line number="53" hits="0"></line>
						<line number="54" hits="0"></line>
						<line number="55" hits="0"></line>
						<line number="56" hits="0"></line>
						<line number="58" hits="0"></line>
						<line number="59" hits="0"></line>
						<line number="61" hits="0"></line>
						<line number="62" hits="0"></line>
						<line number="64" hits="0"></line>
						<line number="68" hits="0"></line>
						<line number="70" hits="0"></line>
						<line number="71" hits="0"></line>
						<line number="72" hits="0"></line>
						<line number="74" hits="0"></line>
						<line number="75" hits="0"></line>
						<line number="76" hits="0"></line>
						<line number="77" hits="0"></line>
						<line number="78" hits="0"></line>
						<line number="80" hits="0"></line>
						<line number="81" hits="0"></line>
						<line number="83" hits="0"></line>
						<line number="84" hits="0"></line>
						<line number="85" hits="0"></line>
						<line number="86" hits="0"></line>
						<line number="87" hits="0"></line>
						<line number="88" hits="0"></line>
						<line number="89" hits="0"></line>
						<line number="90" hits="0"></line>
						<line number="93" hits="0"></line>
						<line number="94" hits="0"></line>
						<line number="95" hits="0"></line>
						<line number="97" hits="0"></line>
						<line number="101" hits="0"></line>
						<line number="102" hits="0"></line>
						<line number="104" hits="0"></line>
						<line number="112" hits="0"></line>
						<line number="113" hits="0"></line>
						<line number="117" hits="0"></line>
						<line number="118" hits="0"></line>
						<line number="119" hits="0"></line>
						<line number="120" hits="0"></line>
						<line number="121" hits="0"></line>
						<line number="122" hits="0"></line>
						<line number="124" hits="0"></line>
						<line number="127" hits="0"></line>
						<line number="129" hits="0"></line>
						<line number="130" hits="0"></line>
						<line number="132" hits="0"></line>
					</lines>
				</class>
				<class name="-" filename="auth/gcp.go" line-rate="0" branch-rate="0" complexity="0" line-count="11" line-hits="0">
					<methods>
						<method name="ParseMetadataIdentityResponse" signature="" line-rate="0" branch-rate="0" complexity="0" line-count="0" line-hits="0">
							<lines>
								<line number="136" hits="0"></line>
								<line number="137" hits="0"></line>
								<line number="139" hits="0"></line>
								<line number="140" hits="0"></line>
								<line number="141" hits="0"></line>
								<line number="142" hits="0"></line>
								<line number="143" hits="0"></line>
								<line number="145" hits="0"></line>
							</lines>
						</method>
						<method name="GetAudience" signature="" line-rate="0" branch-rate="0" complexity="0" line-count="0" line-hits="0">
							<lines>
								<line number="149" hits="0"></line>
								<line number="150" hits="0"></line>
								<line number="151" hits="0"></line>
							</lines>
						</method>
					</methods>
					<lines>
						<line number="136" hits="0"></line>
						<line number="137" hits="0"></line>
						<line number="139" hits="0"></line>
						<line number="140" hits="0"></line>
						<line number="141" hits="0"></line>
						<line number="142" hits="0"></line>
						<line number="143" hits="0"></line>
						<line number="145" hits="0"></line>
						<line number="149" hits="0"></line>
						<line number="150" hits="0"></line>
						<line number="151" hits="0"></line>
					</lines>
				</class>
				<class name="-" filename="auth/identity.go" line-rate="0.78571427" branch-rate="0" complexity="0" line-count="14" line-hits="11">
					<methods>
						<method name="GetCurrentIdentity" signature="" line-rate="0.8" branch-rate="0" complexity="0" line-count="0" line-hits="0">
							<lines>
								<line number="10" hits="10"></line>
								<line number="11" hits="10"></line>
								<line number="12" hits="10"></line>
								<line number="13" hits="0"></line>
								<line number="15" hits="10"></line>
							</lines>
						</method>
						<method name="ParseSubjectFromToken" signature="" line-rate="0.7777778" branch-rate="0" complexity="0" line-count="0" line-hits="0">
							<lines>
								<line number="19" hits="10"></line>
								<line number="20" hits="10"></line>
								<line number="21" hits="10"></line>
								<line number="22" hits="10"></line>
								<line number="23" hits="0"></line>
								<line number="25" hits="10"></line>
								<line number="26" hits="10"></line>
								<line number="27" hits="0"></line>
								<line number="29" hits="10"></line>
							</lines>
						</method>
					</methods>
					<lines>
						<line number="10" hits="10"></line>
						<line number="11" hits="10"></line>
						<line number="12" hits="10"></line>
						<line number="13" hits="0"></line>
						<line number="15" hits="10"></line>
						<line number="19" hits="10"></line>
						<line number="20" hits="10"></line>
						<line number="21" hits="10"></line>
						<line number="22" hits="10"></line>
						<line number="23" hits="0"></line>
						<line number="25" hits="10"></line>
						<line number="26" hits="10"></line>
						<line number="27" hits="0"></line>
						<line number="29" hits="10"></line>
					</lines>
				</class>
			</classes>
		</package>
		<package name="thy/cicd-integration" line-rate="0.84" branch-rate="0" complexity="0" line-count="25" line-hits="21">
			<classes>
				<class name="-" filename="cicd-integration/generate_pki.go" line-rate="0.84" branch-rate="0" complexity="0" line-count="25" line-hits="21">
					<methods>
						<method name="generateRootWithPrivateKey" signature="" line-rate="0.8" branch-rate="0" complexity="0" line-count="0" line-hits="0">
							<lines>
								<line number="18" hits="1"></line>
								<line number="19" hits="1"></line>
								<line number="38" hits="1"></line>
								<line number="39" hits="1"></line>
								<line number="40" hits="0"></line>
								<line number="43" hits="1"></line>
								<line number="44" hits="1"></line>
								<line number="48" hits="1"></line>
								<line number="49" hits="0"></line>
								<line number="51" hits="1"></line>
							</lines>
						</method>
						<method name="generateCSR" signature="" line-rate="0.875" branch-rate="0" complexity="0" line-count="0" line-hits="0">
							<lines>
								<line number="55" hits="1"></line>
								<line number="57" hits="1"></line>
								<line number="66" hits="1"></line>
								<line number="72" hits="1"></line>
								<line number="73" hits="1"></line>
								<line number="74" hits="0"></line>
								<line number="76" hits="1"></line>
								<line number="77" hits="1"></line>
							</lines>
						</method>
						<method name="generateRSAKeyPair" signature="" line-rate="0.75" branch-rate="0" complexity="0" line-count="0" line-hits="0">
							<lines>
								<line number="81" hits="1"></line>
								<line number="82" hits="1"></line>
								<line number="83" hits="0"></line>
								<line number="85" hits="1"></line>
							</lines>
						</method>
						<method name="marshalRsaPrivateKeyToPem" signature="" line-rate="1" branch-rate="0" complexity="0" line-count="0" line-hits="0">
							<lines>
								<line number="90" hits="1"></line>
								<line number="91" hits="1"></line>
								<line number="97" hits="1"></line>
							</lines>
						</method>
					</methods>
					<lines>
						<line number="18" hits="1"></line>
						<line number="19" hits="1"></line>
						<line number="38" hits="1"></line>
						<line number="39" hits="1"></line>
						<line number="40" hits="0"></line>
						<line number="43" hits="1"></line>
						<line number="44" hits="1"></line>
						<line number="48" hits="1"></line>
						<line number="49" hits="0"></line>
						<line number="51" hits="1"></line>
						<line number="55" hits="1"></line>
						<line number="57" hits="1"></line>
						<line number="66" hits="1"></line>
						<line number="72" hits="1"></line>
						<line number="73" hits="1"></line>
						<line number="74" hits="0"></line>
						<line number="76" hits="1"></line>
						<line number="77" hits="1"></line>
						<line number="81" hits="1"></line>
						<line number="82" hits="1"></line>
						<line number="83" hits="0"></line>
						<line number="85" hits="1"></line>
						<line number="90" hits="1"></line>
						<line number="91" hits="1"></line>
						<line number="97" hits="1"></line>
					</lines>
				</class>
			</classes>
		</package>
		<package name="thy/cli-config" line-rate="0.85714287" branch-rate="0" complexity="0" line-count="21" line-hits="18">
			<classes>
				<class name="-" filename="cli-config/cli-config.go" line-rate="0.85714287" branch-rate="0" complexity="0" line-count="21" line-hits="18">
					<methods>
						<method name="getSecureSettingForProfile" signature="" line-rate="0.93333334" branch-rate="0" complexity="0" line-count="0" line-hits="0">
							<lines>
								<line number="14" hits="4"></line>
								<line number="15" hits="1"></line>
								<line number="17" hits="3"></line>
								<line number="18" hits="1"></line>
								<line number="21" hits="2"></line>
								<line number="22" hits="1"></line>
								<line number="24" hits="1"></line>
								<line number="26" hits="1"></line>
								<line number="27" hits="1"></line>
								<line number="28" hits="1"></line>
								<line number="29" hits="0"></line>
								<line number="31" hits="1"></line>
								<line number="32" hits="1"></line>
								<line number="33" hits="1"></line>
								<line number="34" hits="1"></line>
							</lines>
						</method>
						<method name="GetSecureSetting" signature="" line-rate="0.6666667" branch-rate="0" complexity="0" line-count="0" line-hits="0">
							<lines>
								<line number="38" hits="1"></line>
								<line number="39" hits="0"></line>
								<line number="41" hits="1"></line>
								<line number="42" hits="1"></line>
								<line number="43" hits="0"></line>
								<line number="45" hits="1"></line>
							</lines>
						</method>
					</methods>
					<lines>
						<line number="14" hits="4"></line>
						<line number="15" hits="1"></line>
						<line number="17" hits="3"></line>
						<line number="18" hits="1"></line>
						<line number="21" hits="2"></line>
						<line number="22" hits="1"></line>
						<line number="24" hits="1"></line>
						<line number="26" hits="1"></line>
						<line number="27" hits="1"></line>
						<line number="28" hits="1"></line>
						<line number="29" hits="0"></line>
						<line number="31" hits="1"></line>
						<line number="32" hits="1"></line>
						<line number="33" hits="1"></line>
						<line number="34" hits="1"></line>
						<line number="38" hits="1"></line>
						<line number="39" hits="0"></line>
						<line number="41" hits="1"></line>
						<line number="42" hits="1"></line>
						<line number="43" hits="0"></line>
						<line number="45" hits="1"></line>
					</lines>
				</class>
			</classes>
		</package>
		<package name="thy/commands" line-rate="0.537216" branch-rate="0" complexity="0" line-count="3829" line-hits="2057">
			<classes>
				<class name="-" filename="commands/audit.go" line-rate="0.94736844" branch-rate="0" complexity="0" line-count="38" line-hits="36">
					<methods>
						<method name="GetAuditSearchCmd" signature="" line-rate="1" branch-rate="0" complexity="0" line-count="0" line-hits="0">
							<lines>
								<line number="19" hits="1"></line>
							</lines>
						</method>
						<method name="@39:12" signature="" line-rate="0" branch-rate="0" complexity="0" line-count="0" line-hits="0">
							<lines>
								<line number="40" hits="0"></line>
							</lines>
						</method>
						<method name="handleAuditSearch" signature="" line-rate="0.9722222" branch-rate="0" complexity="0" line-count="0" line-hits="0">
							<lines>
								<line number="46" hits="7"></line>
								<line number="47" hits="7"></line>
								<line number="48" hits="7"></line>
								<line number="49" hits="1"></line>
								<line number="50" hits="1"></line>
								<line number="51" hits="1"></line>
								<line number="54" hits="6"></line>
								<line number="56" hits="6"></line>
								<line number="57" hits="6"></line>
								<line number="58" hits="1"></line>
								<line number="59" hits="1"></line>
								<line number="60" hits="1"></line>
								<line number="63" hits="5"></line>
								<line number="64" hits="5"></line>
								<line number="65" hits="2"></line>
								<line number="66" hits="3"></line>
								<line number="67" hits="0"></line>
								<line number="69" hits="3"></line>
								<line number="70" hits="3"></line>
								<line number="71" hits="1"></line>
								<line number="72" hits="1"></line>
								<line number="73" hits="1"></line>
								<line number="77" hits="4"></line>
								<line number="78" hits="1"></line>
								<line number="79" hits="1"></line>
								<line number="80" hits="1"></line>
								<line number="83" hits="3"></line>
								<line number="84" hits="1"></line>
								<line number="85" hits="1"></line>
								<line number="86" hits="1"></line>
								<line number="90" hits="2"></line>
								<line number="91" hits="2"></line>
								<line number="100" hits="2"></line>
								<line number="101" hits="2"></line>
								<line number="103" hits="2"></line>
								<line number="104" hits="2"></line>
							</lines>
						</method>
					</methods>
					<lines>
						<line number="19" hits="1"></line>
						<line number="40" hits="0"></line>
						<line number="46" hits="7"></line>
						<line number="47" hits="7"></line>
						<line number="48" hits="7"></line>
						<line number="49" hits="1"></line>
						<line number="50" hits="1"></line>
						<line number="51" hits="1"></line>
						<line number="54" hits="6"></line>
						<line number="56" hits="6"></line>
						<line number="57" hits="6"></line>
						<line number="58" hits="1"></line>
						<line number="59" hits="1"></line>
						<line number="60" hits="1"></line>
						<line number="63" hits="5"></line>
						<line number="64" hits="5"></line>
						<line number="65" hits="2"></line>
						<line number="66" hits="3"></line>
						<line number="67" hits="0"></line>
						<line number="69" hits="3"></line>
						<line number="70" hits="3"></line>
						<line number="71" hits="1"></line>
						<line number="72" hits="1"></line>
						<line number="73" hits="1"></line>
						<line number="77" hits="4"></line>
						<line number="78" hits="1"></line>
						<line number="79" hits="1"></line>
						<line number="80" hits="1"></line>
						<line number="83" hits="3"></line>
						<line number="84" hits="1"></line>
						<line number="85" hits="1"></line>
						<line number="86" hits="1"></line>
						<line number="90" hits="2"></line>
						<line number="91" hits="2"></line>
						<line number="100" hits="2"></line>
						<line number="101" hits="2"></line>
						<line number="103" hits="2"></line>
						<line number="104" hits="2"></line>
					</lines>
				</class>
				<class name="-" filename="commands/base.go" line-rate="0.93333334" branch-rate="0" complexity="0" line-count="60" line-hits="56">
					<methods>
						<method name="BasePredictorWrappers" signature="" line-rate="0.75" branch-rate="0" complexity="0" line-count="0" line-hits="0">
							<lines>
								<line number="32" hits="413"></line>
								<line number="33" hits="413"></line>
								<line number="34" hits="0"></line>
								<line number="36" hits="413"></line>
							</lines>
						</method>
						<method name="NewCommand" signature="" line-rate="0.9230769" branch-rate="0" complexity="0" line-count="0" line-hits="0">
							<lines>
								<line number="76" hits="354"></line>
								<line number="77" hits="0"></line>
								<line number="79" hits="354"></line>
								<line number="89" hits="354"></line>
								<line number="90" hits="354"></line>
								<line number="91" hits="7788"></line>
								<line number="92" hits="7788"></line>
								<line number="94" hits="354"></line>
								<line number="95" hits="861"></line>
								<line number="96" hits="861"></line>
								<line number="99" hits="354"></line>
								<line number="100" hits="31"></line>
								<line number="102" hits="354"></line>
							</lines>
						</method>
						<method name="@107:24" signature="" line-rate="0" branch-rate="0" complexity="0" line-count="0" line-hits="0">
							<lines>
								<line number="107" hits="0"></line>
							</lines>
						</method>
						<method name="setVerbosity" signature="" line-rate="1" branch-rate="0" complexity="0" line-count="0" line-hits="0">
							<lines>
								<line number="176" hits="154"></line>
								<line number="177" hits="2"></line>
								<line number="179" hits="152"></line>
							</lines>
						</method>
						<method name="@241:26" signature="" line-rate="1" branch-rate="0" complexity="0" line-count="0" line-hits="0">
							<lines>
								<line number="242" hits="6698"></line>
							</lines>
						</method>
						<method name="@244:20" signature="" line-rate="1" branch-rate="0" complexity="0" line-count="0" line-hits="0">
							<lines>
								<line number="245" hits="246"></line>
							</lines>
						</method>
						<method name="ValidateParams" signature="" line-rate="1" branch-rate="0" complexity="0" line-count="0" line-hits="0">
							<lines>
								<line number="307" hits="21"></line>
								<line number="308" hits="47"></line>
								<line number="309" hits="4"></line>
								<line number="312" hits="17"></line>
							</lines>
						</method>
						<method name="IsInit" signature="" line-rate="0.9230769" branch-rate="0" complexity="0" line-count="0" line-hits="0">
							<lines>
								<line number="317" hits="175"></line>
								<line number="318" hits="0"></line>
								<line number="321" hits="175"></line>
								<line number="322" hits="175"></line>
								<line number="323" hits="8"></line>
								<line number="325" hits="167"></line>
								<line number="328" hits="175"></line>
								<line number="329" hits="1"></line>
								<line number="331" hits="174"></line>
								<line number="332" hits="17"></line>
								<line number="334" hits="157"></line>
								<line number="335" hits="4"></line>
								<line number="337" hits="153"></line>
							</lines>
						</method>
						<method name="IsInstall" signature="" line-rate="1" branch-rate="0" complexity="0" line-count="0" line-hits="0">
							<lines>
								<line number="342" hits="158"></line>
								<line number="343" hits="1097"></line>
								<line number="344" hits="4"></line>
								<line number="347" hits="154"></line>
							</lines>
						</method>
						<method name="OnlyGlobalArgs" signature="" line-rate="1" branch-rate="0" complexity="0" line-count="0" line-hits="0">
							<lines>
								<line number="353" hits="59"></line>
								<line number="355" hits="59"></line>
								<line number="356" hits="59"></line>
								<line number="357" hits="101"></line>
								<line number="358" hits="26"></line>
								<line number="361" hits="75"></line>
								<line number="362" hits="75"></line>
								<line number="363" hits="75"></line>
								<line number="365" hits="75"></line>
								<line number="366" hits="75"></line>
								<line number="367" hits="1322"></line>
								<line number="368" hits="29"></line>
								<line number="369" hits="29"></line>
								<line number="372" hits="75"></line>
								<line number="373" hits="46"></line>
								<line number="376" hits="13"></line>
							</lines>
						</method>
					</methods>
					<lines>
						<line number="32" hits="413"></line>
						<line number="33" hits="413"></line>
						<line number="34" hits="0"></line>
						<line number="36" hits="413"></line>
						<line number="76" hits="354"></line>
						<line number="77" hits="0"></line>
						<line number="79" hits="354"></line>
						<line number="89" hits="354"></line>
						<line number="90" hits="354"></line>
						<line number="91" hits="7788"></line>
						<line number="92" hits="7788"></line>
						<line number="94" hits="354"></line>
						<line number="95" hits="861"></line>
						<line number="96" hits="861"></line>
						<line number="99" hits="354"></line>
						<line number="100" hits="31"></line>
						<line number="102" hits="354"></line>
						<line number="107" hits="0"></line>
						<line number="176" hits="154"></line>
						<line number="177" hits="2"></line>
						<line number="179" hits="152"></line>
						<line number="242" hits="6698"></line>
						<line number="245" hits="246"></line>
						<line number="307" hits="21"></line>
						<line number="308" hits="47"></line>
						<line number="309" hits="4"></line>
						<line number="312" hits="17"></line>
						<line number="317" hits="175"></line>
						<line number="318" hits="0"></line>
						<line number="321" hits="175"></line>
						<line number="322" hits="175"></line>
						<line number="323" hits="8"></line>
						<line number="325" hits="167"></line>
						<line number="328" hits="175"></line>
						<line number="329" hits="1"></line>
						<line number="331" hits="174"></line>
						<line number="332" hits="17"></line>
						<line number="334" hits="157"></line>
						<line number="335" hits="4"></line>
						<line number="337" hits="153"></line>
						<line number="342" hits="158"></line>
						<line number="343" hits="1097"></line>
						<line number="344" hits="4"></line>
						<line number="347" hits="154"></line>
						<line number="353" hits="59"></line>
						<line number="355" hits="59"></line>
						<line number="356" hits="59"></line>
						<line number="357" hits="101"></line>
						<line number="358" hits="26"></line>
						<line number="361" hits="75"></line>
						<line number="362" hits="75"></line>
						<line number="363" hits="75"></line>
						<line number="365" hits="75"></line>
						<line number="366" hits="75"></line>
						<line number="367" hits="1322"></line>
						<line number="368" hits="29"></line>
						<line number="369" hits="29"></line>
						<line number="372" hits="75"></line>
						<line number="373" hits="46"></line>
						<line number="376" hits="13"></line>
					</lines>
				</class>
				<class name="baseCommand" filename="commands/base.go" line-rate="0.7209302" branch-rate="0" complexity="0" line-count="86" line-hits="62">
					<methods>
						<method name="AddArgsPredictorFunc" signature="" line-rate="1" branch-rate="0" complexity="0" line-count="0" line-hits="0">
							<lines>
								<line number="107" hits="31"></line>
								<line number="108" hits="31"></line>
							</lines>
						</method>
						<method name="preRun" signature="" line-rate="0.7419355" branch-rate="0" complexity="0" line-count="0" line-hits="0">
							<lines>
								<line number="124" hits="154"></line>
								<line number="125" hits="0"></line>
								<line number="128" hits="154"></line>
								<line number="130" hits="154"></line>
								<line number="131" hits="154"></line>
								<line number="133" hits="154"></line>
								<line number="134" hits="2"></line>
								<line number="135" hits="2"></line>
								<line number="136" hits="2"></line>
								<line number="137" hits="2"></line>
								<line number="138" hits="2"></line>
								<line number="141" hits="154"></line>
								<line number="142" hits="154"></line>
								<line number="143" hits="154"></line>
								<line number="145" hits="0"></line>
								<line number="147" hits="154"></line>
								<line number="150" hits="154"></line>
								<line number="151" hits="154"></line>
								<line number="154" hits="154"></line>
								<line number="156" hits="154"></line>
								<line number="157" hits="0"></line>
								<line number="158" hits="154"></line>
								<line number="159" hits="0"></line>
								<line number="160" hits="0"></line>
								<line number="161" hits="0"></line>
								<line number="164" hits="154"></line>
								<line number="165" hits="128"></line>
								<line number="166" hits="0"></line>
								<line number="167" hits="0"></line>
								<line number="169" hits="128"></line>
								<line number="172" hits="154"></line>
							</lines>
						</method>
						<method name="SetFlags" signature="" line-rate="0.85714287" branch-rate="0" complexity="0" line-count="0" line-hits="0">
							<lines>
								<line number="184" hits="154"></line>
								<line number="186" hits="154"></line>
								<line number="187" hits="3782"></line>
								<line number="188" hits="3782"></line>
								<line number="189" hits="0"></line>
								<line number="191" hits="3782"></line>
								<line number="192" hits="3782"></line>
								<line number="193" hits="490"></line>
								<line number="194" hits="490"></line>
								<line number="195" hits="0"></line>
								<line number="198" hits="490"></line>
								<line number="199" hits="16"></line>
								<line number="200" hits="16"></line>
								<line number="203" hits="474"></line>
							</lines>
						</method>
						<method name="Run" signature="" line-rate="0.75" branch-rate="0" complexity="0" line-count="0" line-hits="0">
							<lines>
								<line number="211" hits="154"></line>
								<line number="212" hits="154"></line>
								<line number="213" hits="0"></line>
								<line number="215" hits="154"></line>
							</lines>
						</method>
						<method name="Help" signature="" line-rate="0.875" branch-rate="0" complexity="0" line-count="0" line-hits="0">
							<lines>
								<line number="220" hits="95"></line>
								<line number="229" hits="95"></line>
								<line number="230" hits="95"></line>
								<line number="231" hits="95"></line>
								<line number="232" hits="2305"></line>
								<line number="233" hits="286"></line>
								<line number="235" hits="2019"></line>
								<line number="236" hits="1805"></line>
								<line number="238" hits="214"></line>
								<line number="241" hits="95"></line>
								<line number="244" hits="95"></line>
								<line number="248" hits="95"></line>
								<line number="256" hits="95"></line>
								<line number="257" hits="95"></line>
								<line number="258" hits="0"></line>
								<line number="261" hits="95"></line>
								<line number="262" hits="95"></line>
								<line number="263" hits="95"></line>
								<line number="264" hits="95"></line>
								<line number="265" hits="0"></line>
								<line number="268" hits="95"></line>
								<line number="269" hits="95"></line>
								<line number="270" hits="0"></line>
								<line number="273" hits="95"></line>
							</lines>
						</method>
						<method name="Synopsis" signature="" line-rate="1" branch-rate="0" complexity="0" line-count="0" line-hits="0">
							<lines>
								<line number="278" hits="78"></line>
							</lines>
						</method>
						<method name="AutocompleteFlags" signature="" line-rate="0" branch-rate="0" complexity="0" line-count="0" line-hits="0">
							<lines>
								<line number="283" hits="0"></line>
								<line number="284" hits="0"></line>
								<line number="289" hits="0"></line>
								<line number="290" hits="0"></line>
								<line number="291" hits="0"></line>
								<line number="292" hits="0"></line>
								<line number="295" hits="0"></line>
							</lines>
						</method>
						<method name="AutocompleteArgs" signature="" line-rate="0" branch-rate="0" complexity="0" line-count="0" line-hits="0">
							<lines>
								<line number="300" hits="0"></line>
								<line number="301" hits="0"></line>
								<line number="303" hits="0"></line>
							</lines>
						</method>
					</methods>
					<lines>
						<line number="107" hits="31"></line>
						<line number="108" hits="31"></line>
						<line number="124" hits="154"></line>
						<line number="125" hits="0"></line>
						<line number="128" hits="154"></line>
						<line number="130" hits="154"></line>
						<line number="131" hits="154"></line>
						<line number="133" hits="154"></line>
						<line number="134" hits="2"></line>
						<line number="135" hits="2"></line>
						<line number="136" hits="2"></line>
						<line number="137" hits="2"></line>
						<line number="138" hits="2"></line>
						<line number="141" hits="154"></line>
						<line number="142" hits="154"></line>
						<line number="143" hits="154"></line>
						<line number="145" hits="0"></line>
						<line number="147" hits="154"></line>
						<line number="150" hits="154"></line>
						<line number="151" hits="154"></line>
						<line number="154" hits="154"></line>
						<line number="156" hits="154"></line>
						<line number="157" hits="0"></line>
						<line number="158" hits="154"></line>
						<line number="159" hits="0"></line>
						<line number="160" hits="0"></line>
						<line number="161" hits="0"></line>
						<line number="164" hits="154"></line>
						<line number="165" hits="128"></line>
						<line number="166" hits="0"></line>
						<line number="167" hits="0"></line>
						<line number="169" hits="128"></line>
						<line number="172" hits="154"></line>
						<line number="184" hits="154"></line>
						<line number="186" hits="154"></line>
						<line number="187" hits="3782"></line>
						<line number="188" hits="3782"></line>
						<line number="189" hits="0"></line>
						<line number="191" hits="3782"></line>
						<line number="192" hits="3782"></line>
						<line number="193" hits="490"></line>
						<line number="194" hits="490"></line>
						<line number="195" hits="0"></line>
						<line number="198" hits="490"></line>
						<line number="199" hits="16"></line>
						<line number="200" hits="16"></line>
						<line number="203" hits="474"></line>
						<line number="211" hits="154"></line>
						<line number="212" hits="154"></line>
						<line number="213" hits="0"></line>
						<line number="215" hits="154"></line>
						<line number="220" hits="95"></line>
						<line number="229" hits="95"></line>
						<line number="230" hits="95"></line>
						<line number="231" hits="95"></line>
						<line number="232" hits="2305"></line>
						<line number="233" hits="286"></line>
						<line number="235" hits="2019"></line>
						<line number="236" hits="1805"></line>
						<line number="238" hits="214"></line>
						<line number="241" hits="95"></line>
						<line number="244" hits="95"></line>
						<line number="248" hits="95"></line>
						<line number="256" hits="95"></line>
						<line number="257" hits="95"></line>
						<line number="258" hits="0"></line>
						<line number="261" hits="95"></line>
						<line number="262" hits="95"></line>
						<line number="263" hits="95"></line>
						<line number="264" hits="95"></line>
						<line number="265" hits="0"></line>
						<line number="268" hits="95"></line>
						<line number="269" hits="95"></line>
						<line number="270" hits="0"></line>
						<line number="273" hits="95"></line>
						<line number="278" hits="78"></line>
						<line number="283" hits="0"></line>
						<line number="284" hits="0"></line>
						<line number="289" hits="0"></line>
						<line number="290" hits="0"></line>
						<line number="291" hits="0"></line>
						<line number="292" hits="0"></line>
						<line number="295" hits="0"></line>
						<line number="300" hits="0"></line>
						<line number="301" hits="0"></line>
						<line number="303" hits="0"></line>
					</lines>
				</class>
				<class name="-" filename="commands/breakglass.go" line-rate="0.39655173" branch-rate="0" complexity="0" line-count="116" line-hits="46">
					<methods>
						<method name="GetBreakGlassCmd" signature="" line-rate="1" branch-rate="0" complexity="0" line-count="0" line-hits="0">
							<lines>
								<line number="22" hits="1"></line>
							</lines>
						</method>
						<method name="@26:12" signature="" line-rate="0" branch-rate="0" complexity="0" line-count="0" line-hits="0">
							<lines>
								<line number="27" hits="0"></line>
							</lines>
						</method>
						<method name="GetBreakGlassGetStatusCmd" signature="" line-rate="1" branch-rate="0" complexity="0" line-count="0" line-hits="0">
							<lines>
								<line number="33" hits="1"></line>
							</lines>
						</method>
						<method name="@40:12" signature="" line-rate="0" branch-rate="0" complexity="0" line-count="0" line-hits="0">
							<lines>
								<line number="41" hits="0"></line>
							</lines>
						</method>
						<method name="GetBreakGlassGenerateCmd" signature="" line-rate="1" branch-rate="0" complexity="0" line-count="0" line-hits="0">
							<lines>
								<line number="47" hits="1"></line>
							</lines>
						</method>
						<method name="@58:12" signature="" line-rate="0" branch-rate="0" complexity="0" line-count="0" line-hits="0">
							<lines>
								<line number="59" hits="0"></line>
								<line number="60" hits="0"></line>
								<line number="62" hits="0"></line>
							</lines>
						</method>
						<method name="GetBreakGlassApplyCmd" signature="" line-rate="1" branch-rate="0" complexity="0" line-count="0" line-hits="0">
							<lines>
								<line number="68" hits="1"></line>
							</lines>
						</method>
						<method name="@78:12" signature="" line-rate="0" branch-rate="0" complexity="0" line-count="0" line-hits="0">
							<lines>
								<line number="79" hits="0"></line>
								<line number="80" hits="0"></line>
								<line number="82" hits="0"></line>
							</lines>
						</method>
						<method name="handleBreakGlassGetStatusCmd" signature="" line-rate="1" branch-rate="0" complexity="0" line-count="0" line-hits="0">
							<lines>
								<line number="90" hits="2"></line>
								<line number="91" hits="2"></line>
								<line number="92" hits="2"></line>
							</lines>
						</method>
						<method name="handleBreakGlassGenerateCmd" signature="" line-rate="1" branch-rate="0" complexity="0" line-count="0" line-hits="0">
							<lines>
								<line number="96" hits="7"></line>
								<line number="97" hits="7"></line>
								<line number="99" hits="7"></line>
								<line number="100" hits="1"></line>
								<line number="101" hits="1"></line>
								<line number="102" hits="1"></line>
								<line number="105" hits="6"></line>
								<line number="106" hits="1"></line>
								<line number="107" hits="1"></line>
								<line number="108" hits="1"></line>
								<line number="111" hits="5"></line>
								<line number="112" hits="5"></line>
								<line number="113" hits="1"></line>
								<line number="114" hits="1"></line>
								<line number="115" hits="1"></line>
								<line number="117" hits="4"></line>
								<line number="118" hits="2"></line>
								<line number="119" hits="2"></line>
								<line number="120" hits="2"></line>
								<line number="123" hits="2"></line>
								<line number="125" hits="2"></line>
								<line number="126" hits="2"></line>
								<line number="127" hits="2"></line>
							</lines>
						</method>
						<method name="handleBreakGlassApplyCmd" signature="" line-rate="1" branch-rate="0" complexity="0" line-count="0" line-hits="0">
							<lines>
								<line number="131" hits="3"></line>
								<line number="133" hits="3"></line>
								<line number="134" hits="1"></line>
								<line number="135" hits="1"></line>
								<line number="136" hits="1"></line>
								<line number="139" hits="2"></line>
								<line number="140" hits="2"></line>
								<line number="141" hits="2"></line>
							</lines>
						</method>
						<method name="handleBreakGlassGenerateWizard" signature="" line-rate="0" branch-rate="0" complexity="0" line-count="0" line-hits="0">
							<lines>
								<line number="147" hits="0"></line>
								<line number="148" hits="0"></line>
								<line number="150" hits="0"></line>
								<line number="151" hits="0"></line>
								<line number="163" hits="0"></line>
								<line number="167" hits="0"></line>
								<line number="168" hits="0"></line>
								<line number="169" hits="0"></line>
								<line number="170" hits="0"></line>
								<line number="172" hits="0"></line>
								<line number="173" hits="0"></line>
								<line number="175" hits="0"></line>
								<line number="176" hits="0"></line>
								<line number="180" hits="0"></line>
								<line number="181" hits="0"></line>
								<line number="182" hits="0"></line>
								<line number="183" hits="0"></line>
								<line number="186" hits="0"></line>
								<line number="187" hits="0"></line>
								<line number="204" hits="0"></line>
								<line number="205" hits="0"></line>
								<line number="206" hits="0"></line>
								<line number="207" hits="0"></line>
								<line number="210" hits="0"></line>
								<line number="211" hits="0"></line>
								<line number="212" hits="0"></line>
							</lines>
						</method>
						<method name="@187:33" signature="" line-rate="0" branch-rate="0" complexity="0" line-count="0" line-hits="0">
							<lines>
								<line number="188" hits="0"></line>
								<line number="189" hits="0"></line>
								<line number="190" hits="0"></line>
								<line number="192" hits="0"></line>
								<line number="193" hits="0"></line>
								<line number="194" hits="0"></line>
								<line number="196" hits="0"></line>
								<line number="197" hits="0"></line>
								<line number="199" hits="0"></line>
								<line number="200" hits="0"></line>
								<line number="202" hits="0"></line>
							</lines>
						</method>
						<method name="handleBreakGlassApplyWizard" signature="" line-rate="0" branch-rate="0" complexity="0" line-count="0" line-hits="0">
							<lines>
								<line number="216" hits="0"></line>
								<line number="217" hits="0"></line>
								<line number="218" hits="0"></line>
								<line number="219" hits="0"></line>
								<line number="221" hits="0"></line>
								<line number="222" hits="0"></line>
								<line number="225" hits="0"></line>
								<line number="226" hits="0"></line>
								<line number="227" hits="0"></line>
								<line number="235" hits="0"></line>
								<line number="239" hits="0"></line>
								<line number="240" hits="0"></line>
								<line number="241" hits="0"></line>
								<line number="242" hits="0"></line>
								<line number="244" hits="0"></line>
								<line number="245" hits="0"></line>
								<line number="247" hits="0"></line>
								<line number="248" hits="0"></line>
								<line number="252" hits="0"></line>
								<line number="253" hits="0"></line>
[...]
								<line number="48" hits="149"></line>
								<line number="52" hits="149"></line>
								<line number="53" hits="149"></line>
								<line number="54" hits="48"></line>
								<line number="57" hits="101"></line>
								<line number="58" hits="101"></line>
								<line number="59" hits="0"></line>
								<line number="62" hits="101"></line>
								<line number="63" hits="101"></line>
								<line number="64" hits="0"></line>
								<line number="67" hits="101"></line>
							</lines>
						</method>
						<method name="ReadConfigFile" signature="" line-rate="0.85714287" branch-rate="0" complexity="0" line-count="0" line-hits="0">
							<lines>
								<line number="71" hits="156"></line>
								<line number="72" hits="156"></line>
								<line number="73" hits="0"></line>
								<line number="75" hits="156"></line>
								<line number="76" hits="156"></line>
								<line number="77" hits="48"></line>
								<line number="79" hits="108"></line>
							</lines>
						</method>
						<method name="DeleteConfigFile" signature="" line-rate="0" branch-rate="0" complexity="0" line-count="0" line-hits="0">
							<lines>
								<line number="83" hits="0"></line>
								<line number="84" hits="0"></line>
								<line number="85" hits="0"></line>
								<line number="87" hits="0"></line>
								<line number="88" hits="0"></line>
								<line number="89" hits="0"></line>
								<line number="91" hits="0"></line>
							</lines>
						</method>
						<method name="NewConfigFile" signature="" line-rate="0.85714287" branch-rate="0" complexity="0" line-count="0" line-hits="0">
							<lines>
								<line number="95" hits="172"></line>
								<line number="96" hits="48"></line>
								<line number="97" hits="48"></line>
								<line number="98" hits="0"></line>
								<line number="101" hits="48"></line>
								<line number="102" hits="48"></line>
								<line number="105" hits="172"></line>
							</lines>
						</method>
					</methods>
					<lines>
						<line number="40" hits="149"></line>
						<line number="41" hits="149"></line>
						<line number="42" hits="149"></line>
						<line number="43" hits="149"></line>
						<line number="45" hits="149"></line>
						<line number="46" hits="149"></line>
						<line number="47" hits="149"></line>
						<line number="48" hits="149"></line>
						<line number="52" hits="149"></line>
						<line number="53" hits="149"></line>
						<line number="54" hits="48"></line>
						<line number="57" hits="101"></line>
						<line number="58" hits="101"></line>
						<line number="59" hits="0"></line>
						<line number="62" hits="101"></line>
						<line number="63" hits="101"></line>
						<line number="64" hits="0"></line>
						<line number="67" hits="101"></line>
						<line number="71" hits="156"></line>
						<line number="72" hits="156"></line>
						<line number="73" hits="0"></line>
						<line number="75" hits="156"></line>
						<line number="76" hits="156"></line>
						<line number="77" hits="48"></line>
						<line number="79" hits="108"></line>
						<line number="83" hits="0"></line>
						<line number="84" hits="0"></line>
						<line number="85" hits="0"></line>
						<line number="87" hits="0"></line>
						<line number="88" hits="0"></line>
						<line number="89" hits="0"></line>
						<line number="91" hits="0"></line>
						<line number="95" hits="172"></line>
						<line number="96" hits="48"></line>
						<line number="97" hits="48"></line>
						<line number="98" hits="0"></line>
						<line number="101" hits="48"></line>
						<line number="102" hits="48"></line>
						<line number="105" hits="172"></line>
					</lines>
				</class>
				<class name="ConfigFile" filename="vaultcli/config.go" line-rate="0.5555556" branch-rate="0" complexity="0" line-count="63" line-hits="35">
					<methods>
						<method name="GetPath" signature="" line-rate="1" branch-rate="0" complexity="0" line-count="0" line-hits="0">
							<lines>
								<line number="112" hits="13"></line>
							</lines>
						</method>
						<method name="Bytes" signature="" line-rate="1" branch-rate="0" complexity="0" line-count="0" line-hits="0">
							<lines>
								<line number="116" hits="2"></line>
							</lines>
						</method>
						<method name="GetProfile" signature="" line-rate="1" branch-rate="0" complexity="0" line-count="0" line-hits="0">
							<lines>
								<line number="120" hits="111"></line>
								<line number="121" hits="111"></line>
								<line number="122" hits="4"></line>
								<line number="124" hits="107"></line>
							</lines>
						</method>
						<method name="AddProfile" signature="" line-rate="0.75" branch-rate="0" complexity="0" line-count="0" line-hits="0">
							<lines>
								<line number="128" hits="7"></line>
								<line number="130" hits="7"></line>
								<line number="131" hits="0"></line>
								<line number="133" hits="7"></line>
							</lines>
						</method>
						<method name="UpdateProfile" signature="" line-rate="1" branch-rate="0" complexity="0" line-count="0" line-hits="0">
							<lines>
								<line number="138" hits="4"></line>
							</lines>
						</method>
						<method name="RawUpdate" signature="" line-rate="0" branch-rate="0" complexity="0" line-count="0" line-hits="0">
							<lines>
								<line number="142" hits="0"></line>
								<line number="143" hits="0"></line>
								<line number="144" hits="0"></line>
								<line number="145" hits="0"></line>
								<line number="148" hits="0"></line>
								<line number="149" hits="0"></line>
								<line number="150" hits="0"></line>
							</lines>
						</method>
						<method name="Read" signature="" line-rate="1" branch-rate="0" complexity="0" line-count="0" line-hits="0">
							<lines>
								<line number="154" hits="169"></line>
								<line number="156" hits="169"></line>
								<line number="157" hits="169"></line>
								<line number="158" hits="53"></line>
								<line number="160" hits="116"></line>
							</lines>
						</method>
						<method name="Save" signature="" line-rate="0.8333333" branch-rate="0" complexity="0" line-count="0" line-hits="0">
							<lines>
								<line number="164" hits="11"></line>
								<line number="166" hits="11"></line>
								<line number="167" hits="11"></line>
								<line number="168" hits="0"></line>
								<line number="170" hits="11"></line>
								<line number="173" hits="11"></line>
							</lines>
						</method>
						<method name="Delete" signature="" line-rate="0" branch-rate="0" complexity="0" line-count="0" line-hits="0">
							<lines>
								<line number="177" hits="0"></line>
								<line number="179" hits="0"></line>
								<line number="180" hits="0"></line>
								<line number="181" hits="0"></line>
								<line number="184" hits="0"></line>
							</lines>
						</method>
						<method name="read" signature="" line-rate="0.84615386" branch-rate="0" complexity="0" line-count="0" line-hits="0">
							<lines>
								<line number="188" hits="169"></line>
								<line number="189" hits="169"></line>
								<line number="190" hits="53"></line>
								<line number="193" hits="116"></line>
								<line number="194" hits="116"></line>
								<line number="195" hits="0"></line>
								<line number="198" hits="116"></line>
								<line number="199" hits="116"></line>
								<line number="200" hits="116"></line>
								<line number="201" hits="0"></line>
								<line number="204" hits="116"></line>
								<line number="205" hits="116"></line>
								<line number="206" hits="116"></line>
							</lines>
						</method>
						<method name="append" signature="" line-rate="0" branch-rate="0" complexity="0" line-count="0" line-hits="0">
							<lines>
								<line number="210" hits="0"></line>
								<line number="211" hits="0"></line>
								<line number="212" hits="0"></line>
								<line number="214" hits="0"></line>
								<line number="215" hits="0"></line>
								<line number="216" hits="0"></line>
								<line number="218" hits="0"></line>
								<line number="220" hits="0"></line>
								<line number="221" hits="0"></line>
								<line number="223" hits="0"></line>
							</lines>
						</method>
						<method name="overwrite" signature="" line-rate="0.6666667" branch-rate="0" complexity="0" line-count="0" line-hits="0">
							<lines>
								<line number="227" hits="11"></line>
								<line number="228" hits="11"></line>
								<line number="229" hits="0"></line>
								<line number="231" hits="11"></line>
								<line number="232" hits="0"></line>
								<line number="234" hits="11"></line>
							</lines>
						</method>
					</methods>
					<lines>
						<line number="112" hits="13"></line>
						<line number="116" hits="2"></line>
						<line number="120" hits="111"></line>
						<line number="121" hits="111"></line>
						<line number="122" hits="4"></line>
						<line number="124" hits="107"></line>
						<line number="128" hits="7"></line>
						<line number="130" hits="7"></line>
						<line number="131" hits="0"></line>
						<line number="133" hits="7"></line>
						<line number="138" hits="4"></line>
						<line number="142" hits="0"></line>
						<line number="143" hits="0"></line>
						<line number="144" hits="0"></line>
						<line number="145" hits="0"></line>
						<line number="148" hits="0"></line>
						<line number="149" hits="0"></line>
						<line number="150" hits="0"></line>
						<line number="154" hits="169"></line>
						<line number="156" hits="169"></line>
						<line number="157" hits="169"></line>
						<line number="158" hits="53"></line>
						<line number="160" hits="116"></line>
						<line number="164" hits="11"></line>
						<line number="166" hits="11"></line>
						<line number="167" hits="11"></line>
						<line number="168" hits="0"></line>
						<line number="170" hits="11"></line>
						<line number="173" hits="11"></line>
						<line number="177" hits="0"></line>
						<line number="179" hits="0"></line>
						<line number="180" hits="0"></line>
						<line number="181" hits="0"></line>
						<line number="184" hits="0"></line>
						<line number="188" hits="169"></line>
						<line number="189" hits="169"></line>
						<line number="190" hits="53"></line>
						<line number="193" hits="116"></line>
						<line number="194" hits="116"></line>
						<line number="195" hits="0"></line>
						<line number="198" hits="116"></line>
						<line number="199" hits="116"></line>
						<line number="200" hits="116"></line>
						<line number="201" hits="0"></line>
						<line number="204" hits="116"></line>
						<line number="205" hits="116"></line>
						<line number="206" hits="116"></line>
						<line number="210" hits="0"></line>
						<line number="211" hits="0"></line>
						<line number="212" hits="0"></line>
						<line number="214" hits="0"></line>
						<line number="215" hits="0"></line>
						<line number="216" hits="0"></line>
						<line number="218" hits="0"></line>
						<line number="220" hits="0"></line>
						<line number="221" hits="0"></line>
						<line number="223" hits="0"></line>
						<line number="227" hits="11"></line>
						<line number="228" hits="11"></line>
						<line number="229" hits="0"></line>
						<line number="231" hits="11"></line>
						<line number="232" hits="0"></line>
						<line number="234" hits="11"></line>
					</lines>
				</class>
			</classes>
		</package>
		<package name="thy/version" line-rate="0.73333335" branch-rate="0" complexity="0" line-count="75" line-hits="55">
			<classes>
				<class name="-" filename="version/update.go" line-rate="0.73913044" branch-rate="0" complexity="0" line-count="69" line-hits="51">
					<methods>
						<method name="CheckLatestVersion" signature="" line-rate="0.35" branch-rate="0" complexity="0" line-count="0" line-hits="0">
							<lines>
								<line number="39" hits="154"></line>
								<line number="40" hits="154"></line>
								<line number="41" hits="0"></line>
								<line number="43" hits="154"></line>
								<line number="45" hits="154"></line>
								<line number="47" hits="154"></line>
								<line number="48" hits="0"></line>
								<line number="49" hits="0"></line>
								<line number="50" hits="0"></line>
								<line number="53" hits="0"></line>
								<line number="54" hits="0"></line>
								<line number="55" hits="0"></line>
								<line number="56" hits="0"></line>
								<line number="59" hits="0"></line>
								<line number="62" hits="154"></line>
								<line number="63" hits="0"></line>
								<line number="64" hits="0"></line>
								<line number="65" hits="0"></line>
								<line number="67" hits="0"></line>
								<line number="69" hits="154"></line>
							</lines>
						</method>
						<method name="readCache" signature="" line-rate="0.9166667" branch-rate="0" complexity="0" line-count="0" line-hits="0">
							<lines>
								<line number="74" hits="160"></line>
								<line number="75" hits="160"></line>
								<line number="76" hits="1"></line>
								<line number="79" hits="159"></line>
								<line number="80" hits="159"></line>
								<line number="81" hits="0"></line>
								<line number="82" hits="0"></line>
								<line number="85" hits="159"></line>
								<line number="86" hits="159"></line>
								<line number="87" hits="1"></line>
								<line number="88" hits="1"></line>
								<line number="91" hits="158"></line>
								<line number="92" hits="158"></line>
								<line number="93" hits="1"></line>
								<line number="94" hits="1"></line>
								<line number="97" hits="157"></line>
								<line number="98" hits="1"></line>
								<line number="99" hits="1"></line>
								<line number="102" hits="156"></line>
								<line number="103" hits="156"></line>
								<line number="104" hits="156"></line>
								<line number="105" hits="1"></line>
								<line number="106" hits="1"></line>
								<line number="109" hits="155"></line>
							</lines>
						</method>
						<method name="updateCache" signature="" line-rate="0.75" branch-rate="0" complexity="0" line-count="0" line-hits="0">
							<lines>
								<line number="114" hits="1"></line>
								<line number="115" hits="1"></line>
								<line number="116" hits="1"></line>
								<line number="118" hits="0"></line>
							</lines>
						</method>
						<method name="fetchContent" signature="" line-rate="0.7777778" branch-rate="0" complexity="0" line-count="0" line-hits="0">
							<lines>
								<line number="124" hits="2"></line>
								<line number="125" hits="2"></line>
								<line number="126" hits="2"></line>
								<line number="127" hits="0"></line>
								<line number="129" hits="2"></line>
								<line number="130" hits="2"></line>
								<line number="131" hits="0"></line>
								<line number="133" hits="2"></line>
								<line number="135" hits="2"></line>
							</lines>
						</method>
						<method name="isVersionOutdated" signature="" line-rate="1" branch-rate="0" complexity="0" line-count="0" line-hits="0">
							<lines>
								<line number="146" hits="162"></line>
								<line number="147" hits="162"></line>
								<line number="148" hits="162"></line>
								<line number="149" hits="156"></line>
								<line number="152" hits="6"></line>
								<line number="153" hits="6"></line>
								<line number="154" hits="6"></line>
								<line number="155" hits="14"></line>
								<line number="156" hits="14"></line>
								<line number="157" hits="14"></line>
								<line number="158" hits="4"></line>
								<line number="161" hits="2"></line>
							</lines>
						</method>
					</methods>
					<lines>
						<line number="39" hits="154"></line>
						<line number="40" hits="154"></line>
						<line number="41" hits="0"></line>
						<line number="43" hits="154"></line>
						<line number="45" hits="154"></line>
						<line number="47" hits="154"></line>
						<line number="48" hits="0"></line>
						<line number="49" hits="0"></line>
						<line number="50" hits="0"></line>
						<line number="53" hits="0"></line>
						<line number="54" hits="0"></line>
						<line number="55" hits="0"></line>
						<line number="56" hits="0"></line>
						<line number="59" hits="0"></line>
						<line number="62" hits="154"></line>
						<line number="63" hits="0"></line>
						<line number="64" hits="0"></line>
						<line number="65" hits="0"></line>
						<line number="67" hits="0"></line>
						<line number="69" hits="154"></line>
						<line number="74" hits="160"></line>
						<line number="75" hits="160"></line>
						<line number="76" hits="1"></line>
						<line number="79" hits="159"></line>
						<line number="80" hits="159"></line>
						<line number="81" hits="0"></line>
						<line number="82" hits="0"></line>
						<line number="85" hits="159"></line>
						<line number="86" hits="159"></line>
						<line number="87" hits="1"></line>
						<line number="88" hits="1"></line>
						<line number="91" hits="158"></line>
						<line number="92" hits="158"></line>
						<line number="93" hits="1"></line>
						<line number="94" hits="1"></line>
						<line number="97" hits="157"></line>
						<line number="98" hits="1"></line>
						<line number="99" hits="1"></line>
						<line number="102" hits="156"></line>
						<line number="103" hits="156"></line>
						<line number="104" hits="156"></line>
						<line number="105" hits="1"></line>
						<line number="106" hits="1"></line>
						<line number="109" hits="155"></line>
						<line number="114" hits="1"></line>
						<line number="115" hits="1"></line>
						<line number="116" hits="1"></line>
						<line number="118" hits="0"></line>
						<line number="124" hits="2"></line>
						<line number="125" hits="2"></line>
						<line number="126" hits="2"></line>
						<line number="127" hits="0"></line>
						<line number="129" hits="2"></line>
						<line number="130" hits="2"></line>
						<line number="131" hits="0"></line>
						<line number="133" hits="2"></line>
						<line number="135" hits="2"></line>
						<line number="146" hits="162"></line>
						<line number="147" hits="162"></line>
						<line number="148" hits="162"></line>
						<line number="149" hits="156"></line>
						<line number="152" hits="6"></line>
						<line number="153" hits="6"></line>
						<line number="154" hits="6"></line>
						<line number="155" hits="14"></line>
						<line number="156" hits="14"></line>
						<line number="157" hits="14"></line>
						<line number="158" hits="4"></line>
						<line number="161" hits="2"></line>
					</lines>
				</class>
				<class name="update" filename="version/update.go" line-rate="1" branch-rate="0" complexity="0" line-count="1" line-hits="1">
					<methods>
						<method name="String" signature="" line-rate="1" branch-rate="0" complexity="0" line-count="0" line-hits="0">
							<lines>
								<line number="139" hits="1"></line>
							</lines>
						</method>
					</methods>
					<lines>
						<line number="139" hits="1"></line>
					</lines>
				</class>
				<class name="-" filename="version/version.go" line-rate="0.6" branch-rate="0" complexity="0" line-count="5" line-hits="3">
					<methods>
						<method name="GetBuildDate" signature="" line-rate="0.6" branch-rate="0" complexity="0" line-count="0" line-hits="0">
							<lines>
								<line number="16" hits="2"></line>
								<line number="17" hits="2"></line>
								<line number="18" hits="2"></line>
								<line number="20" hits="0"></line>
								<line number="21" hits="0"></line>
							</lines>
						</method>
					</methods>
					<lines>
						<line number="16" hits="2"></line>
						<line number="17" hits="2"></line>
						<line number="18" hits="2"></line>
						<line number="20" hits="0"></line>
						<line number="21" hits="0"></line>
					</lines>
				</class>
			</classes>
		</package>
	</packages>
	<sources>
		<source>/azp/agent/_work/7/s</source>
	</sources>
</coverage>
